[[34minfo[0m] Nova Profiling Report
[[34minfo[0m] init: 0.232s (100.00%)
[[34minfo[0m] compile: 22.528s (100.00%)
[[34minfo[0m] compile.ChiselGen: 4.585s (20.35%)
[[34minfo[0m] compile.IR: 3.249s (14.42%)
[[34minfo[0m] compile.MemoryAnalyzer: 1.822s (8.09%)
[[34minfo[0m] compile.UnrollingTransformer: 1.402s (6.22%)
[[34minfo[0m] compile.CppGen: 1.29s (5.73%)
[[34minfo[0m] compile.RetimingTransformer: 0.85s (3.77%)
[[34minfo[0m] compile.UseAnalyzer: 0.805s (3.57%)
[[34minfo[0m] compile.HtmlIRGenSpatial: 0.799s (3.55%)
[[34minfo[0m] compile.RetimingAnalyzer: 0.727s (3.23%)
[[34minfo[0m] compile.TransientCleanup: 0.627s (2.78%)
[[34minfo[0m] compile.RegReadCSE: 0.485s (2.15%)
[[34minfo[0m] compile.CompilerSanityChecks: 0.468s (2.08%)
[[34minfo[0m] compile.AccumAnalyzer: 0.401s (1.78%)
[[34minfo[0m] compile.staging: 0.386s (1.71%)
[[34minfo[0m] compile.AccumTransformer: 0.345s (1.53%)
[[34minfo[0m] compile.RewriteTransformer: 0.322s (1.43%)
[[34minfo[0m] compile.BindingTransformer: 0.32s (1.42%)
[[34minfo[0m] compile.FlatteningTransformer: 0.276s (1.23%)
[[34minfo[0m] compile.MemoryCleanupTransformer: 0.267s (1.19%)
[[34minfo[0m] compile.TreeGen: 0.255s (1.13%)
[[34minfo[0m] compile.MemoryReporter: 0.239s (1.06%)
[[34minfo[0m] compile.RuntimeModelGenerator: 0.229s (1.02%)
[[34minfo[0m] compile.BlackboxLowering: 0.226s (1.00%)
[[34minfo[0m] compile.InitiationAnalyzer: 0.191s (0.85%)
[[34minfo[0m] compile.RetimeReporter: 0.183s (0.81%)
[[34minfo[0m] compile.PipeInserter: 0.174s (0.77%)
[[34minfo[0m] compile.AccessAnalyzer: 0.136s (0.60%)
[[34minfo[0m] compile.SwitchTransformer: 0.114s (0.51%)
[[34minfo[0m] compile.FriendlyTransformer: 0.101s (0.45%)
[[34minfo[0m] compile.SwitchOptimizer: 0.1s (0.44%)
[[34minfo[0m] compile.DuplicateRetimeStripper: 0.097s (0.43%)
[[34minfo[0m] compile.BufferRecompute: 0.088s (0.39%)
[[34minfo[0m] compile.BroadcastCleanupAnalyzer: 0.081s (0.36%)
[[34minfo[0m] compile.FIFOInitializer: 0.053s (0.24%)
[[34minfo[0m] compile.MemoryDealiasing: 0.051s (0.23%)
[[34minfo[0m] compile.StreamTransformer: 0.049s (0.22%)
[[34minfo[0m] compile.LaneStaticTransformer: 0.047s (0.21%)
[[34minfo[0m] compile.MemoryAllocator: 0.031s (0.14%)
[[34minfo[0m] compile.RewriteAnalyzer: 0.02s (0.09%)
[[34minfo[0m] compile.IterationDiffAnalyzer: 0.013s (0.06%)
[[34minfo[0m] compile.CLINaming: 0.005s (0.02%)
[[34minfo[0m] compile.UserSanityChecks: 0.005s (0.02%)
[[34minfo[0m] compile.MetadataStripper: 0.005s (0.02%)
[[34minfo[0m] compile.CounterIterSynchronization: 0.005s (0.02%)
