[[34minfo[0m] @flow analyses
[[34minfo[0m] flows: 0.0s (NaN%)
[[34minfo[0m] flows.accumulator: 0.305s (100.00%)
[[34minfo[0m] flows.blockLevel: 0.258s (100.00%)
[[34minfo[0m] flows.controlLevel: 0.224s (100.00%)
[[34minfo[0m] flows.globals: 0.198s (100.00%)
[[34minfo[0m] flows.streams: 0.092s (100.00%)
[[34minfo[0m] flows.controlSchedule: 0.077s (100.00%)
[[34minfo[0m] flows.accesses: 0.044s (100.00%)
[[34minfo[0m] flows.memories: 0.037s (100.00%)
[[34minfo[0m] flows.blackbox: 0.01s (100.00%)
[[34minfo[0m] flows.transferDataToAllNew_x2158: 0.001s (100.00%)
[[34minfo[0m] flows.transferDataToAllNew_x2870: 0.001s (100.00%)
[[34minfo[0m] flows.inReduce: 0.001s (100.00%)
[[34minfo[0m] flows.transferDataToAllNew_x2379: 0.0s (NaN%)
[[34minfo[0m] flows.transferDataToAllNew_x1118: 0.0s (NaN%)
[[34minfo[0m] flows.transferDataToAllNew_x1131: 0.0s (NaN%)
[[34minfo[0m] flows.transferDataToAllNew_x2734: 0.0s (NaN%)
[[34minfo[0m] flows.transferDataToAllNew_x530: 0.0s (NaN%)
[[34minfo[0m] flows.transferDataToAllNew_x1963: 0.0s (NaN%)
[[34minfo[0m] flows.transferDataToAllNew_x2550: 0.0s (NaN%)
[[34minfo[0m] flows.transferDataToAllNew_x1504: 0.0s (NaN%)
[[34minfo[0m] flows.transferDataToAllNew_x2825: 0.0s (NaN%)
[[34minfo[0m] flows.transferDataToAllNew_x1510: 0.0s (NaN%)
[[34minfo[0m] flows.transferDataToAllNew_x2342: 0.0s (NaN%)
[[34minfo[0m] flows.transferDataToAllNew_x2544: 0.0s (NaN%)
[[34minfo[0m] flows.transferDataToAllNew_x657: 0.0s (NaN%)
[[34minfo[0m] flows.transferDataToAllNew_x1691: 0.0s (NaN%)
[[34minfo[0m] flows.transferDataToAllNew_x711: 0.0s (NaN%)
[[34minfo[0m] flows.transferDataToAllNew_x1326: 0.0s (NaN%)
[[34minfo[0m] flows.transferDataToAllNew_x2583: 0.0s (NaN%)
[[34minfo[0m] flows.transferDataToAllNew_x1543: 0.0s (NaN%)
[[34minfo[0m] flows.transferDataToAllNew_x2786: 0.0s (NaN%)
[[34minfo[0m] flows.transferDataToAllNew_x1114: 0.0s (NaN%)
[[34minfo[0m] flows.transferDataToAllNew_x919: 0.0s (NaN%)
[[34minfo[0m] flows.transferDataToAllNew_x2851: 0.0s (NaN%)
[[34minfo[0m] flows.transferDataToAllNew_x715: 0.0s (NaN%)
[[34minfo[0m] flows.transferDataToAllNew_x1742: 0.0s (NaN%)
[[34minfo[0m] flows.transferDataToAllNew_x2315: 0.0s (NaN%)
[[34minfo[0m] flows.transferDataToAllNew_x2321: 0.0s (NaN%)
[[34minfo[0m] flows.transferDataToAllNew_x1088: 0.0s (NaN%)
[[34minfo[0m] flows.transferDataToAllNew_x1738: 0.0s (NaN%)
[[34minfo[0m] flows.transferDataToAllNew_x1926: 0.0s (NaN%)
[[34minfo[0m] flows.transferDataToAllNew_x859: 0.0s (NaN%)
[[34minfo[0m] flows.transferDataToAllNew_x2838: 0.0s (NaN%)
[[34minfo[0m] flows.transferDataToAllNew_x1697: 0.0s (NaN%)
[[34minfo[0m] flows.transferDataToAllNew_x2107: 0.0s (NaN%)
[[34minfo[0m] flows.transferDataToAllNew_x2375: 0.0s (NaN%)
[[34minfo[0m] flows.transferDataToAllNew_x2574: 0.0s (NaN%)
[[34minfo[0m] flows.transferDataToAllNew_x1281: 0.0s (NaN%)
[[34minfo[0m] flows.transferDataToAllNew_x2171: 0.0s (NaN%)
[[34minfo[0m] flows.transferDataToAllNew_x1959: 0.0s (NaN%)
[[34minfo[0m] flows.transferDataToAllNew_x906: 0.0s (NaN%)
[[34minfo[0m] flows.transferDataToAllNew_x1127: 0.0s (NaN%)
[[34minfo[0m] flows.transferDataToAllNew_x698: 0.0s (NaN%)
[[34minfo[0m] flows.transferDataToAllNew_x1547: 0.0s (NaN%)
[[34minfo[0m] flows.transferDataToAllNew_x1712: 0.0s (NaN%)
[[34minfo[0m] flows.transferDataToAllNew_x923: 0.0s (NaN%)
[[34minfo[0m] flows.transferDataToAllNew_x1094: 0.0s (NaN%)
[[34minfo[0m] flows.transferDataToAllNew_x2366: 0.0s (NaN%)
[[34minfo[0m] flows.transferDataToAllNew_x1718: 0.0s (NaN%)
[[34minfo[0m] flows.transferDataToAllNew_x678: 0.0s (NaN%)
[[34minfo[0m] flows.transferDataToAllNew_x2113: 0.0s (NaN%)
[[34minfo[0m] flows.transferDataToAllNew_x2128: 0.0s (NaN%)
[[34minfo[0m] flows.transferDataToAllNew_x1483: 0.0s (NaN%)
[[34minfo[0m] flows.transferDataToAllNew_x1905: 0.0s (NaN%)
[[34minfo[0m] flows.transferDataToAllNew_x2570: 0.0s (NaN%)
[[34minfo[0m] flows.transferDataToAllNew_x532: 0.0s (NaN%)
[[34minfo[0m] flows.transferDataToAllNew_x886: 0.0s (NaN%)
[[34minfo[0m] flows.transferDataToAllNew_x481: 0.0s (NaN%)
[[34minfo[0m] flows.transferDataToAllNew_x1530: 0.0s (NaN%)
[[34minfo[0m] flows.transferDataToAllNew_x2167: 0.0s (NaN%)
[[34minfo[0m] flows.transferDataToAllNew_x1950: 0.0s (NaN%)
[[34minfo[0m] flows.transferDataToAllNew_x1067: 0.0s (NaN%)
[[34minfo[0m] flows.transferDataToAllNew_x1335: 0.0s (NaN%)
[[34minfo[0m] flows.transferDataToAllNew_x2773: 0.0s (NaN%)
[[34minfo[0m] flows.transferDataToAllNew_x1339: 0.0s (NaN%)
[[34minfo[0m] flows.transferDataToAllNew_x651: 0.0s (NaN%)
[[34minfo[0m] flows.transferDataToAllNew_x1302: 0.0s (NaN%)
[[34minfo[0m] flows.transferDataToAllNew_x702: 0.0s (NaN%)
[[34minfo[0m] flows.transferDataToAllNew_x2523: 0.0s (NaN%)
[[34minfo[0m] flows.transferDataToAllNew_x1899: 0.0s (NaN%)
[[34minfo[0m] flows.transferDataToAllNew_x1073: 0.0s (NaN%)
[[34minfo[0m] flows.transferDataToAllNew_x2587: 0.0s (NaN%)
[[34minfo[0m] flows.transferDataToAllNew_x1755: 0.0s (NaN%)
[[34minfo[0m] flows.transferDataToAllNew_x2760: 0.0s (NaN%)
[[34minfo[0m] flows.transferDataToAllNew_x865: 0.0s (NaN%)
[[34minfo[0m] flows.transferDataToAllNew_x2336: 0.0s (NaN%)
[[34minfo[0m] flows.transferDataToAllNew_x880: 0.0s (NaN%)
[[34minfo[0m] flows.transferDataToAllNew_x1946: 0.0s (NaN%)
[[34minfo[0m] flows.transferDataToAllNew_x2134: 0.0s (NaN%)
[[34minfo[0m] flows.transferDataToAllNew_x2154: 0.0s (NaN%)
[[34minfo[0m] flows.transferDataToAllNew_x1275: 0.0s (NaN%)
[[34minfo[0m] flows.transferDataToAllNew_x2903: 0.0s (NaN%)
[[34minfo[0m] flows.transferDataToAllNew_x1296: 0.0s (NaN%)
[[34minfo[0m] flows.transferDataToAllNew_x1489: 0.0s (NaN%)
[[34minfo[0m] flows.transferDataToAllNew_x1322: 0.0s (NaN%)
[[34minfo[0m] flows.transferDataToAllNew_x537: 0.0s (NaN%)
[[34minfo[0m] flows.transferDataToAllNew_x2799: 0.0s (NaN%)
[[34minfo[0m] flows.transferDataToAllNew_x1920: 0.0s (NaN%)
[[34minfo[0m] flows.transferDataToAllNew_x2529: 0.0s (NaN%)
[[34minfo[0m] flows.transferDataToAllNew_x2747: 0.0s (NaN%)
[[34minfo[0m] flows.transferDataToAllNew_x1751: 0.0s (NaN%)
[[34minfo[0m] flows.transferDataToAllNew_x2812: 0.0s (NaN%)
[[34minfo[0m] flows.transferDataToAllNew_x672: 0.0s (NaN%)
[[34minfo[0m] flows.transferDataToAllNew_x1534: 0.0s (NaN%)
[[34minfo[0m] flows.transferDataToAllNew_x910: 0.0s (NaN%)
[[34minfo[0m] flows.transferDataToAllNew_x2362: 0.0s (NaN%)


flows.transferDataToAllNew_x2570: 0.0s
flows.transferDataToAllNew_x1335: 0.0s
flows.transferDataToAllNew_x715: 0.0s
flows.transferDataToAllNew_x2366: 0.0s
flows.transferDataToAllNew_x1131: 0.0s
flows.transferDataToAllNew_x1094: 0.0s
flows.transferDataToAllNew_x1905: 0.0s
flows.transferDataToAllNew_x1302: 0.0s
flows.transferDataToAllNew_x1088: 0.0s
flows.transferDataToAllNew_x672: 0.0s
flows.transferDataToAllNew_x1697: 0.0s
flows.transferDataToAllNew_x2375: 0.0s
flows.transferDataToAllNew_x2321: 0.0s
flows.transferDataToAllNew_x2903: 0.0s
flows.transferDataToAllNew_x2315: 0.0s
flows.transferDataToAllNew_x2342: 0.0s
flows.transferDataToAllNew_x1691: 0.0s
flows.transferDataToAllNew_x2747: 0.0s
flows.transferDataToAllNew_x2825: 0.0s
flows.transferDataToAllNew_x2336: 0.0s
flows.transferDataToAllNew_x537: 0.0s
flows.transferDataToAllNew_x678: 0.0s
flows.transferDataToAllNew_x1547: 0.0s
flows.transferDataToAllNew_x657: 0.0s
flows.transferDataToAllNew_x1751: 0.0s
flows.transferDataToAllNew_x1067: 0.0s
flows.transferDataToAllNew_x2587: 0.0s
flows.transferDataToAllNew_x651: 0.0s
flows.transferDataToAllNew_x1946: 0.0s
flows.transferDataToAllNew_x1712: 0.0s
flows.transferDataToAllNew_x1322: 0.0s
flows.transferDataToAllNew_x702: 0.0s
flows.transferDataToAllNew_x1073: 0.0s
flows.controlLevel: 0.224s
flows.transferDataToAllNew_x2851: 0.0s
flows.transferDataToAllNew_x2362: 0.0s
flows.blackbox: 0.01s
flows.transferDataToAllNew_x2773: 0.0s
flows.blockLevel: 0.258s
flows.transferDataToAllNew_x1127: 0.0s
flows.transferDataToAllNew_x1742: 0.0s
flows.transferDataToAllNew_x711: 0.0s
flows.transferDataToAllNew_x2158: 0.001s
flows.transferDataToAllNew_x698: 0.0s
flows.transferDataToAllNew_x2734: 0.0s
flows.transferDataToAllNew_x906: 0.0s
flows.transferDataToAllNew_x1489: 0.0s
flows.transferDataToAllNew_x1718: 0.0s
flows.transferDataToAllNew_x2167: 0.0s
flows.transferDataToAllNew_x2113: 0.0s
flows.accumulator: 0.305s
flows.transferDataToAllNew_x2134: 0.0s
flows.transferDataToAllNew_x1483: 0.0s
flows.transferDataToAllNew_x1118: 0.0s
flows.transferDataToAllNew_x2128: 0.0s
flows.transferDataToAllNew_x923: 0.0s
flows.transferDataToAllNew_x1543: 0.0s
flows.transferDataToAllNew_x1738: 0.0s
flows.transferDataToAllNew_x2583: 0.0s
flows.transferDataToAllNew_x1963: 0.0s
flows.transferDataToAllNew_x2812: 0.0s
flows.transferDataToAllNew_x2379: 0.0s
flows.transferDataToAllNew_x2107: 0.0s
flows.transferDataToAllNew_x1534: 0.0s
flows.transferDataToAllNew_x530: 0.0s
flows.transferDataToAllNew_x2550: 0.0s
flows.streams: 0.092s
flows.transferDataToAllNew_x2799: 0.0s
flows.memories: 0.037s
flows.accesses: 0.044s
flows.inReduce: 0.001s
flows.transferDataToAllNew_x886: 0.0s
flows.transferDataToAllNew_x2838: 0.0s
flows.transferDataToAllNew_x1339: 0.0s
flows.transferDataToAllNew_x481: 0.0s
flows.transferDataToAllNew_x2574: 0.0s
flows.transferDataToAllNew_x2760: 0.0s
flows.transferDataToAllNew_x1899: 0.0s
flows.transferDataToAllNew_x2529: 0.0s
flows.transferDataToAllNew_x1114: 0.0s
flows.transferDataToAllNew_x1504: 0.0s
flows.transferDataToAllNew_x880: 0.0s
flows.transferDataToAllNew_x1281: 0.0s
flows.transferDataToAllNew_x1275: 0.0s
flows.transferDataToAllNew_x1296: 0.0s
flows.transferDataToAllNew_x1510: 0.0s
flows.transferDataToAllNew_x1959: 0.0s
flows.transferDataToAllNew_x1950: 0.0s
flows.transferDataToAllNew_x2154: 0.0s
flows.transferDataToAllNew_x2523: 0.0s
flows.transferDataToAllNew_x2544: 0.0s
flows.transferDataToAllNew_x2786: 0.0s
flows.transferDataToAllNew_x865: 0.0s
flows.transferDataToAllNew_x532: 0.0s
flows.controlSchedule: 0.077s
flows.transferDataToAllNew_x1926: 0.0s
flows.transferDataToAllNew_x1755: 0.0s
flows.transferDataToAllNew_x2870: 0.001s
flows.transferDataToAllNew_x859: 0.0s
flows.transferDataToAllNew_x1530: 0.0s
flows.transferDataToAllNew_x919: 0.0s
flows.globals: 0.198s
flows.transferDataToAllNew_x2171: 0.0s
flows.transferDataToAllNew_x1326: 0.0s
flows.transferDataToAllNew_x910: 0.0s
flows.transferDataToAllNew_x1920: 0.0s
