Copyright 1986-2019 Xilinx, Inc. All Rights Reserved.
------------------------------------------------------------------------------------
| Tool Version : Vivado v.2019.1 (lin64) Build 2552052 Fri May 24 14:47:09 MDT 2019
| Date         : Tue Jun  4 02:39:34 2024
| Host         : lagos running 64-bit Ubuntu 22.04.4 LTS
| Command      : report_utilization -packthru -file ./synth_utilization.rpt
| Design       : design_1
| Device       : xczu9egffvb1156-2
| Design State : Synthesized
------------------------------------------------------------------------------------

Utilization Design Information

Table of Contents
-----------------
1. CLB Logic
1.1 Summary of Registers by Type
2. BLOCKRAM
3. ARITHMETIC
4. I/O
5. CLOCK
6. ADVANCED
7. CONFIGURATION
8. Primitives
9. Black Boxes
10. Instantiated Netlists

1. CLB Logic
------------

+--------------------------------------+-------+-------+-----------+-------+
|               Site Type              |  Used | Fixed | Available | Util% |
+--------------------------------------+-------+-------+-----------+-------+
| CLB LUTs*                            | 32989 |     0 |    274080 | 12.04 |
|   LUT as Logic                       | 30125 |     0 |    274080 | 10.99 |
|   LUT as Memory                      |  2864 |     0 |    144000 |  1.99 |
|     LUT as Distributed RAM           |  2112 |     0 |           |       |
|     LUT as Shift Register            |   752 |     0 |           |       |
|   LUT used exclusively as pack-thrus |     0 |     0 |    274080 |  0.00 |
| CLB Registers                        | 46039 |     0 |    548160 |  8.40 |
|   Register as Flip Flop              | 46039 |     0 |    548160 |  8.40 |
|   Register as Latch                  |     0 |     0 |    548160 |  0.00 |
|   Register as pack-thrus             |     0 |     0 |    548160 |  0.00 |
| CARRY8                               |  2666 |     0 |     34260 |  7.78 |
| F7 Muxes                             |   262 |     0 |    137040 |  0.19 |
| F8 Muxes                             |    65 |     0 |     68520 |  0.09 |
| F9 Muxes                             |     0 |     0 |     34260 |  0.00 |
+--------------------------------------+-------+-------+-----------+-------+
* Warning! The Final LUT count, after physical optimizations and full implementation, is typically lower. Run opt_design after synthesis, if not already completed, for a more realistic count.


1.1 Summary of Registers by Type
--------------------------------

+-------+--------------+-------------+--------------+
| Total | Clock Enable | Synchronous | Asynchronous |
+-------+--------------+-------------+--------------+
| 0     |            _ |           - |            - |
| 0     |            _ |           - |          Set |
| 0     |            _ |           - |        Reset |
| 0     |            _ |         Set |            - |
| 0     |            _ |       Reset |            - |
| 0     |          Yes |           - |            - |
| 99    |          Yes |           - |          Set |
| 207   |          Yes |           - |        Reset |
| 93    |          Yes |         Set |            - |
| 45640 |          Yes |       Reset |            - |
+-------+--------------+-------------+--------------+


2. BLOCKRAM
-----------

+-------------------+------+-------+-----------+-------+
|     Site Type     | Used | Fixed | Available | Util% |
+-------------------+------+-------+-----------+-------+
| Block RAM Tile    |    2 |     0 |       912 |  0.22 |
|   RAMB36/FIFO*    |    0 |     0 |       912 |  0.00 |
|   RAMB18          |    4 |     0 |      1824 |  0.22 |
|     RAMB18E2 only |    4 |       |           |       |
+-------------------+------+-------+-----------+-------+
* Note: Each Block RAM Tile only has one FIFO logic available and therefore can accommodate only one FIFO36E2 or one FIFO18E2. However, if a FIFO18E2 occupies a Block RAM Tile, that tile can still accommodate a RAMB18E2


3. ARITHMETIC
-------------

+----------------+------+-------+-----------+-------+
|    Site Type   | Used | Fixed | Available | Util% |
+----------------+------+-------+-----------+-------+
| DSPs           |   40 |     0 |      2520 |  1.59 |
|   DSP48E2 only |   40 |       |           |       |
+----------------+------+-------+-----------+-------+


4. I/O
------

+------------+------+-------+-----------+-------+
|  Site Type | Used | Fixed | Available | Util% |
+------------+------+-------+-----------+-------+
| Bonded IOB |    0 |     0 |       328 |  0.00 |
+------------+------+-------+-----------+-------+


5. CLOCK
--------

+----------------------+------+-------+-----------+-------+
|       Site Type      | Used | Fixed | Available | Util% |
+----------------------+------+-------+-----------+-------+
| GLOBAL CLOCK BUFFERs |    2 |     0 |       404 |  0.50 |
|   BUFGCE             |    0 |     0 |       116 |  0.00 |
|   BUFGCE_DIV         |    0 |     0 |        16 |  0.00 |
|   BUFG_GT            |    0 |     0 |       168 |  0.00 |
|   BUFG_PS            |    2 |     0 |        72 |  2.78 |
|   BUFGCTRL*          |    0 |     0 |        32 |  0.00 |
| PLL                  |    0 |     0 |         8 |  0.00 |
| MMCM                 |    0 |     0 |         4 |  0.00 |
+----------------------+------+-------+-----------+-------+
* Note: Each used BUFGCTRL counts as two GLOBAL CLOCK BUFFERs. This table does not include global clocking resources, only buffer cell usage. See the Clock Utilization Report (report_clock_utilization) for detailed accounting of global clocking resource availability.


6. ADVANCED
-----------

+-----------------+------+-------+-----------+--------+
|    Site Type    | Used | Fixed | Available |  Util% |
+-----------------+------+-------+-----------+--------+
| GTHE4_CHANNEL   |    0 |     0 |        24 |   0.00 |
| GTHE4_COMMON    |    0 |     0 |         6 |   0.00 |
| OBUFDS_GTE4     |    0 |     0 |        12 |   0.00 |
| OBUFDS_GTE4_ADV |    0 |     0 |        12 |   0.00 |
| PS8             |    1 |     0 |         1 | 100.00 |
| SYSMONE4        |    0 |     0 |         1 |   0.00 |
+-----------------+------+-------+-----------+--------+


7. CONFIGURATION
----------------

+-------------+------+-------+-----------+-------+
|  Site Type  | Used | Fixed | Available | Util% |
+-------------+------+-------+-----------+-------+
| BSCANE2     |    0 |     0 |         4 |  0.00 |
| DNA_PORTE2  |    0 |     0 |         1 |  0.00 |
| EFUSE_USR   |    0 |     0 |         1 |  0.00 |
| FRAME_ECCE4 |    0 |     0 |         1 |  0.00 |
| ICAPE3      |    0 |     0 |         2 |  0.00 |
| MASTER_JTAG |    0 |     0 |         1 |  0.00 |
| STARTUPE3   |    0 |     0 |         1 |  0.00 |
+-------------+------+-------+-----------+-------+


8. Primitives
-------------

+----------+-------+---------------------+
| Ref Name |  Used | Functional Category |
+----------+-------+---------------------+
| FDRE     | 45640 |            Register |
| LUT3     | 16994 |                 CLB |
| LUT2     |  6058 |                 CLB |
| LUT5     |  3779 |                 CLB |
| LUT6     |  3412 |                 CLB |
| RAMD32   |  3388 |                 CLB |
| CARRY8   |  2666 |                 CLB |
| LUT1     |  2424 |                 CLB |
| LUT4     |  2252 |                 CLB |
| SRL16E   |   639 |                 CLB |
| RAMS32   |   484 |                 CLB |
| SRLC32E  |   323 |                 CLB |
| MUXF7    |   262 |                 CLB |
| FDCE     |   207 |            Register |
| RAMD64E  |   176 |                 CLB |
| FDPE     |    99 |            Register |
| FDSE     |    93 |            Register |
| MUXF8    |    65 |                 CLB |
| DSP48E2  |    40 |          Arithmetic |
| RAMB18E2 |     4 |           Block Ram |
| BUFG_PS  |     2 |               Clock |
| PS8      |     1 |            Advanced |
+----------+-------+---------------------+


9. Black Boxes
--------------

+----------+------+
| Ref Name | Used |
+----------+------+


10. Instantiated Netlists
-------------------------

+-----------------------------------+------+
|              Ref Name             | Used |
+-----------------------------------+------+
| design_1_zynq_ultra_ps_e_0_0      |    1 |
| design_1_rst_ps8_0_99M_0          |    1 |
| design_1_axi_dwidth_converter_1_0 |    1 |
| design_1_axi_dwidth_converter_0_0 |    1 |
| design_1_auto_pc_0                |    1 |
| design_1_auto_ds_0                |    1 |
+-----------------------------------+------+


