    visiting x1 = OpenCSVFile(Const("/home/hhollen/ee109finalHH/mol_arr100.csv"),false)
    visiting x2 = ReadTokens(x1,Const(","))
    visiting x4 = CloseCSVFile(x1)
    visiting x8 = ArrayMap(x2,Block((x2,b5) => x6),Block((x6) => x7))
      visiting x6 = ArrayApply(x2,b5)
      visiting x7 = TextToFix(x6,TRUE,_10,_22)
    visiting x13 = DRAMHostNew(List(Const(100), Const(3)),Const(0))
    visiting x14 = SetMem(x13,x8)
    visiting x15 = DRAMHostNew(List(Const(100), Const(3)),Const(0))
      visiting x16 = SRAMNew(List(Const(100), Const(3)),SRAM2[Fix[TRUE,_10,_22]])
      visiting x107 = CounterNew(Const(0),Const(100),Const(1),Const(1))
      visiting x109 = CounterChainNew(List(x107))
      visiting x110 = StreamOutNew(BurstCmdBus)
      visiting x111 = FIFONew(Const(16))
      visiting x112 = StreamInNew(BurstDataBus())
      visiting x113 = FixMul(b108,Const(3))
      visiting x114 = FixDivSRA(x113,Const(4))
      visiting x115 = FixSLA(x114,Const(4))
      visiting x116 = FixSLA(x115,Const(2))
      visiting x117 = FixSub(x113,x115)
      visiting x118 = FixAdd(x117,Const(3))
      visiting x119 = FixAdd(x117,Const(18))
      visiting x120 = FixDivSRA(x119,Const(4))
      visiting x121 = FixSLA(x120,Const(4))
      visiting x122 = FixSLA(x121,Const(2))
      visiting x123 = FixToFix(x116,TRUE,_64,_0)
      visiting x124 = DRAMAddress(x13)
      visiting x125 = FixAdd(x123,x124)
      visiting x126 = SimpleStruct(ArrayBuffer((offset,x125), (size,x122), (isLoad,Const(true))))
      visiting x127 = DRAMIsAlloc(x13)
      visiting x128 = StreamOutWrite(x110,x126,Set(x127))
      visiting x129 = SimpleStruct(ArrayBuffer((size,x121), (start,x117), (end,x118)))
      visiting x130 = FIFOEnq(x111,x129,Set(Const(true)))
      visiting x132 = FringeDenseLoad(x13,x110,x112)
      visiting x133 = RegNew(Const(0))
      visiting x134 = RegNew(Const(0))
      visiting x135 = RegNew(Const(0))
      visiting x143 = UnitPipe(Set(),Block(Const(())),None)
        visiting x136 = FIFODeq(x111,Set(Const(true)))
        visiting x137 = FieldApply(x136,start)
        visiting x138 = RegWrite(x133,x137,Set())
        visiting x139 = FieldApply(x136,end)
        visiting x140 = RegWrite(x134,x139,Set())
        visiting x141 = FieldApply(x136,size)
        visiting x142 = RegWrite(x135,x141,Set())
      visiting x240 = RegRead(x135)
      visiting x145 = CounterNew(Const(0),x240,Const(1),Const(1))
      visiting x147 = CounterChainNew(List(x145))
      visiting x161 = OpForeach(Set(),x147,Block(Const(())),List(b146),None)
        visiting x152 = RegRead(x133)
        visiting x153 = FixLeq(x152,b146)
        visiting x154 = RegRead(x134)
        visiting x155 = FixLst(b146,x154)
        visiting x156 = And(x153,x155)
        visiting x158 = FixSub(b146,x152)
        visiting x159 = StreamInRead(x112,Set())
        visiting x160 = SRAMWrite(x16,x159,List(b108, x158),Set(x156))
      visiting x18 = SRAMNew(List(Const(100), Const(3)),SRAM2[Fix[TRUE,_10,_22]])
      visiting x19 = CounterNew(Const(0),Const(100),Const(1),Const(1))
      visiting x21 = CounterChainNew(List(x19))
      visiting x88 = OpForeach(Set(),x21,Block(Const(())),List(b20),None)
        visiting x22 = SRAMNew(List(Const(3)),SRAM1[Fix[TRUE,_10,_22]])
        visiting x23 = CounterNew(Const(0),Const(100),Const(1),Const(1))
        visiting x24 = CounterChainNew(List(x23))
        visiting x25 = CounterNew(Const(0),Const(3),Const(1),Const(1))
        visiting x26 = CounterChainNew(Vector(x25))
        visiting x79 = OpMemReduce(Set(),x24,x26,x22,Block(x31),Block((x31) => x76),Block((x22) => x77),Block((b29,b30) => x75),Block((x22,x75) => Const(())),None,false,List(b27),List(b28),None,Fix[TRUE,_10,_22],SRAM1[Fix[TRUE,_10,_22]])
          visiting x31 = SRAMNew(List(Const(3)),SRAM1[Fix[TRUE,_10,_22]])
          visiting x32 = CounterNew(Const(0),Const(3),Const(1),Const(1))
          visiting x34 = CounterChainNew(List(x32))
          visiting x39 = OpForeach(Set(),x34,Block(Const(())),List(b33),None)
            visiting x35 = SRAMRead(x16,List(b20, b33),Set())
            visiting x36 = SRAMRead(x16,List(b27, b33),Set())
            visiting x37 = FixSub(x35,x36)
            visiting x38 = SRAMWrite(x31,x37,List(b33),Set())
          visiting x40 = SRAMNew(List(Const(1)),SRAM1[Fix[TRUE,_10,_22]])
          visiting x225 = UnitPipe(Set(),Block(Const(())),None)
            visiting x41 = SRAMRead(x31,List(Const(0)),Set())
            visiting x42 = FixMul(x41,x41)
            visiting x43 = SRAMRead(x31,List(Const(1)),Set())
            visiting x44 = FixMul(x43,x43)
            visiting x45 = FixAdd(x42,x44)
            visiting x46 = SRAMRead(x31,List(Const(2)),Set())
            visiting x47 = FixMul(x46,x46)
            visiting x48 = FixAdd(x45,x47)
            visiting x49 = SRAMWrite(x40,x48,List(Const(0)),Set())
          visiting x50 = SRAMNew(List(Const(1)),SRAM1[Fix[TRUE,_10,_22]])
          visiting x230 = RegNew(Const(false))
          visiting x231 = RegNew(Const(false))
          visiting x235 = UnitPipe(Set(),Block(Const(())),None)
            visiting x51 = SRAMRead(x40,List(Const(0)),Set())
            visiting x52 = FixLst(Const(0),x51)
            visiting x53 = FixLst(Const(1),x51)
            visiting x54 = And(x52,x53)
            visiting x102 = Not(x54)
            visiting x233 = RegWrite(x230,x54,Set())
            visiting x234 = RegWrite(x231,x102,Set())
          visiting x241 = RegRead(x231)
          visiting x242 = RegRead(x230)
          visiting x218 = Switch(List(x242, x241),Block(x104))
            visiting x103 = SwitchCase(Block(x63))
              visiting x243 = RegRead(x230)
              visiting x55 = SRAMRead(x40,List(Const(0)),Set(x243))
              visiting x56 = FixDiv(Const(100),x55)
              visiting x57 = FixDiv(x56,x55)
              visiting x58 = FixDiv(x57,x55)
              visiting x59 = FixDiv(x58,x55)
              visiting x60 = FixDiv(x59,x55)
              visiting x61 = FixDiv(Const(10),x55)
              visiting x62 = FixDiv(x61,x55)
              visiting x63 = FixSub(x60,x62)
            visiting x104 = SwitchCase(Block(Const(90)))
          visiting x239 = UnitPipe(Set(),Block(Const(())),None)
            visiting x65 = SRAMWrite(x50,x218,List(Const(0)),Set())
          visiting x66 = CounterNew(Const(0),Const(3),Const(1),Const(1))
          visiting x68 = CounterChainNew(List(x66))
          visiting x74 = OpForeach(Set(),x68,Block(Const(())),List(b67),None)
            visiting x69 = SRAMRead(x31,List(b67),Set())
            visiting x70 = FixMul(x69,Const(0.099999904632568359375))
            visiting x71 = SRAMRead(x50,List(Const(0)),Set())
            visiting x72 = FixMul(x70,x71)
            visiting x73 = SRAMWrite(x31,x72,List(b67),Set())
          visiting x76 = SRAMRead(x31,List(b28),Set())
          visiting x77 = SRAMRead(x22,List(b28),Set())
          visiting x75 = FixAdd(b29,b30)
          visiting x78 = SRAMWrite(x22,x75,List(b28),Set())
        visiting x80 = CounterNew(Const(0),Const(3),Const(1),Const(1))
        visiting x82 = CounterChainNew(List(x80))
        visiting x87 = OpForeach(Set(),x82,Block(Const(())),List(b81),None)
          visiting x83 = SRAMRead(x22,List(b81),Set())
          visiting x84 = SRAMRead(x16,List(b20, b81),Set())
          visiting x85 = FixAdd(x83,x84)
          visiting x86 = SRAMWrite(x18,x85,List(b20, b81),Set())
      visiting x164 = CounterNew(Const(0),Const(100),Const(1),Const(1))
      visiting x166 = CounterChainNew(List(x164))
      visiting x167 = StreamOutNew(BurstCmdBus)
      visiting x168 = StreamOutNew(BurstFullDataBus())
      visiting x169 = StreamInNew(BurstAckBus)
      visiting x212 = UnitPipe(Set(),Block(Const(())),None)
        visiting x170 = RegNew(Const(0))
        visiting x171 = RegNew(Const(0))
        visiting x172 = RegNew(Const(0))
        visiting x192 = UnitPipe(Set(),Block(Const(())),None)
          visiting x173 = FixMul(b165,Const(3))
          visiting x174 = FixDivSRA(x173,Const(4))
          visiting x175 = FixSLA(x174,Const(4))
          visiting x176 = FixSLA(x175,Const(2))
          visiting x177 = FixSub(x173,x175)
          visiting x178 = FixAdd(x177,Const(3))
          visiting x179 = FixAdd(x177,Const(18))
          visiting x180 = FixDivSRA(x179,Const(4))
          visiting x181 = FixSLA(x180,Const(4))
          visiting x182 = FixSLA(x181,Const(2))
          visiting x183 = FixToFix(x176,TRUE,_64,_0)
          visiting x184 = DRAMAddress(x15)
          visiting x185 = FixAdd(x183,x184)
          visiting x186 = SimpleStruct(ArrayBuffer((offset,x185), (size,x182), (isLoad,Const(false))))
          visiting x187 = DRAMIsAlloc(x15)
          visiting x188 = StreamOutWrite(x167,x186,Set(x187))
          visiting x189 = RegWrite(x170,x177,Set())
          visiting x190 = RegWrite(x171,x178,Set())
          visiting x191 = RegWrite(x172,x181,Set())
        visiting x244 = RegRead(x172)
        visiting x194 = CounterNew(Const(0),x244,Const(1),Const(1))
        visiting x196 = CounterChainNew(List(x194))
        visiting x211 = OpForeach(Set(),x196,Block(Const(())),List(b195),None)
          visiting x201 = RegRead(x170)
          visiting x202 = FixLeq(x201,b195)
          visiting x203 = RegRead(x171)
          visiting x204 = FixLst(b195,x203)
          visiting x205 = And(x202,x204)
          visiting x207 = FixSub(b195,x201)
          visiting x208 = SRAMRead(x18,List(b165, x207),Set(x205))
          visiting x209 = SimpleStruct(ArrayBuffer((_1,x208), (_2,x205)))
          visiting x210 = StreamOutWrite(x168,x209,Set())
      visiting x213 = FringeDenseStore(x15,x167,x168,x169)
      visiting x215 = UnitPipe(Set(),Block(Const(())),None)
        visiting x214 = StreamInRead(x169,Set())
    visiting x91 = ArrayNew(Const(300))
    visiting x92 = GetMem(x15,x91)
    visiting x93 = OpenCSVFile(Const("/home/hhollen/ee109finalHH/output.csv"),true)
    visiting x94 = ArrayLength(x91)
    visiting x98 = WriteTokens(x93,Const(","),x94,Block((b95) => x97))
      visiting x96 = ArrayApply(x91,b95)
      visiting x97 = FixToText(x96,None)
    visiting x99 = CloseCSVFile(x93)
    visiting x101 = AssertIf(Set(),Const(true),Some(Const("ProjectTemplate.scala:58:11: Assertion failure")))
