[[34minfo[0m] Nova Profiling Report
[[34minfo[0m] init: 0.233s (100.00%)
[[34minfo[0m] compile: 6.855s (100.00%)
[[34minfo[0m] compile.IR: 0.832s (12.14%)
[[34minfo[0m] compile.ChiselGen: 0.749s (10.93%)
[[34minfo[0m] compile.CppGen: 0.5s (7.29%)
[[34minfo[0m] compile.MemoryAnalyzer: 0.452s (6.59%)
[[34minfo[0m] compile.staging: 0.382s (5.57%)
[[34minfo[0m] compile.HtmlIRGenSpatial: 0.3s (4.38%)
[[34minfo[0m] compile.UnrollingTransformer: 0.288s (4.20%)
[[34minfo[0m] compile.RetimingAnalyzer: 0.228s (3.33%)
[[34minfo[0m] compile.BlackboxLowering: 0.221s (3.22%)
[[34minfo[0m] compile.RetimingTransformer: 0.194s (2.83%)
[[34minfo[0m] compile.TreeGen: 0.165s (2.41%)
[[34minfo[0m] compile.PipeInserter: 0.153s (2.23%)
[[34minfo[0m] compile.TransientCleanup: 0.151s (2.20%)
[[34minfo[0m] compile.AccessAnalyzer: 0.135s (1.97%)
[[34minfo[0m] compile.UseAnalyzer: 0.126s (1.84%)
[[34minfo[0m] compile.RegReadCSE: 0.115s (1.68%)
[[34minfo[0m] compile.SwitchTransformer: 0.112s (1.63%)
[[34minfo[0m] compile.FriendlyTransformer: 0.103s (1.50%)
[[34minfo[0m] compile.SwitchOptimizer: 0.1s (1.46%)
[[34minfo[0m] compile.BindingTransformer: 0.073s (1.06%)
[[34minfo[0m] compile.AccumTransformer: 0.069s (1.01%)
[[34minfo[0m] compile.AccumAnalyzer: 0.066s (0.96%)
[[34minfo[0m] compile.MemoryReporter: 0.063s (0.92%)
[[34minfo[0m] compile.RewriteTransformer: 0.059s (0.86%)
[[34minfo[0m] compile.FIFOInitializer: 0.053s (0.77%)
[[34minfo[0m] compile.StreamTransformer: 0.052s (0.76%)
[[34minfo[0m] compile.LaneStaticTransformer: 0.047s (0.69%)
[[34minfo[0m] compile.FlatteningTransformer: 0.047s (0.69%)
[[34minfo[0m] compile.MemoryDealiasing: 0.047s (0.69%)
[[34minfo[0m] compile.MemoryCleanupTransformer: 0.046s (0.67%)
[[34minfo[0m] compile.DuplicateRetimeStripper: 0.04s (0.58%)
[[34minfo[0m] compile.RetimeReporter: 0.036s (0.53%)
[[34minfo[0m] compile.InitiationAnalyzer: 0.034s (0.50%)
[[34minfo[0m] compile.MemoryAllocator: 0.03s (0.44%)
[[34minfo[0m] compile.CompilerSanityChecks: 0.03s (0.44%)
[[34minfo[0m] compile.BroadcastCleanupAnalyzer: 0.024s (0.35%)
[[34minfo[0m] compile.BufferRecompute: 0.017s (0.25%)
[[34minfo[0m] compile.IterationDiffAnalyzer: 0.015s (0.22%)
[[34minfo[0m] compile.RewriteAnalyzer: 0.012s (0.18%)
[[34minfo[0m] compile.MetadataStripper: 0.008s (0.12%)
[[34minfo[0m] compile.CounterIterSynchronization: 0.007s (0.10%)
[[34minfo[0m] compile.CLINaming: 0.005s (0.07%)
[[34minfo[0m] compile.UserSanityChecks: 0.0s (0.00%)
